<?xml version="1.0" encoding="UTF-8"?>
<testng-results skipped="0" failed="0" total="1" passed="1">
  <reporter-output>
  </reporter-output>
  <suite name="Default suite" duration-ms="56509" started-at="2021-03-26T05:18:59Z" finished-at="2021-03-26T05:19:55Z">
    <groups>
    </groups>
    <test name="Default test" duration-ms="56509" started-at="2021-03-26T05:18:59Z" finished-at="2021-03-26T05:19:55Z">
      <class name="com.orangeHrm.testScripts.Login_test1">
        <test-method status="PASS" signature="open_browser()[pri:0, instance:com.orangeHrm.testScripts.Login_test1@4520ebad]" name="open_browser" is-config="true" duration-ms="8307" started-at="2021-03-26T10:48:59Z" finished-at="2021-03-26T10:49:07Z">
          <reporter-output>
          </reporter-output>
        </test-method> <!-- open_browser -->
        <test-method status="PASS" signature="login()[pri:0, instance:com.orangeHrm.testScripts.Login_test1@4520ebad]" name="login" is-config="true" duration-ms="20034" started-at="2021-03-26T10:49:07Z" finished-at="2021-03-26T10:49:27Z">
          <reporter-output>
          </reporter-output>
        </test-method> <!-- login -->
        <test-method status="PASS" signature="test1()[pri:0, instance:com.orangeHrm.testScripts.Login_test1@4520ebad]" name="test1" duration-ms="23857" started-at="2021-03-26T10:49:27Z" finished-at="2021-03-26T10:49:51Z">
          <reporter-output>
          </reporter-output>
        </test-method> <!-- test1 -->
        <test-method status="PASS" signature="logout()[pri:0, instance:com.orangeHrm.testScripts.Login_test1@4520ebad]" name="logout" is-config="true" duration-ms="1829" started-at="2021-03-26T10:49:51Z" finished-at="2021-03-26T10:49:53Z">
          <reporter-output>
          </reporter-output>
        </test-method> <!-- logout -->
        <test-method status="PASS" signature="close()[pri:0, instance:com.orangeHrm.testScripts.Login_test1@4520ebad]" name="close" is-config="true" duration-ms="2437" started-at="2021-03-26T10:49:53Z" finished-at="2021-03-26T10:49:55Z">
          <reporter-output>
          </reporter-output>
        </test-method> <!-- close -->
      </class> <!-- com.orangeHrm.testScripts.Login_test1 -->
    </test> <!-- Default test -->
  </suite> <!-- Default suite -->
</testng-results>
